Arguments: 
  C:\Program Files\nodejs\node.exe C:\Users\STZ\AppData\Roaming\npm\node_modules\yarn\bin\yarn.js init

PATH: 
  C:\ProgramData\Oracle\Java\javapath;C:\Windows\system32;C:\Windows;C:\Windows\System32\Wbem;C:\Windows\System32\WindowsPowerShell\v1.0\;C:\Windows\System32\OpenSSH\;C:\Program Files (x86)\Microsoft VS Code\bin;C:\Program Files\Git\cmd;C:\Program Files (x86)\Bitvise SSH Client;C:\Program Files\nodejs\;C:\ProgramData\chocolatey\bin;C:\Users\STZ\scoop\shims;C:\Users\STZ\.cargo\bin;C:\Users\STZ\AppData\Local\Microsoft\WindowsApps;C:\Users\STZ\AppData\Local\GitHubDesktop\bin;C:\Users\STZ\AppData\Roaming\npm

Yarn version: 
  1.22.11

Node version: 
  16.6.1

Platform: 
  win32 x64

Trace: 
  Error: canceled
      at Interface.<anonymous> (C:\Users\STZ\AppData\Roaming\npm\node_modules\yarn\lib\cli.js:137023:13)
      at Interface.emit (node:events:394:28)
      at Interface._ttyWrite (node:readline:1081:16)
      at ReadStream.onkeypress (node:readline:288:10)
      at ReadStream.emit (node:events:394:28)
      at emitKeys (node:internal/readline/utils:358:14)
      at emitKeys.next (<anonymous>)
      at ReadStream.onData (node:internal/readline/emitKeypressEvents:61:36)
      at ReadStream.emit (node:events:394:28)
      at addChunk (node:internal/streams/readable:312:12)

npm manifest: 
  {
    "scripts": {
      "watch": "npx tsc -w",
      "dev": "nodemon dist/index.js",
      "start": "yarn && rm -rf dist && yarn build && node dist/index.js",
      "build": "npx tsc",
      "i-all": "yarn"
    },
    "dependencies": {
      "consola": "^2.15.3",
      "discord-akairo": "discord-akairo/discord-akairo",
      "discord.js": "^13.1.0",
      "imageapi.js": "^1.7.0",
      "javascript-obfuscator": "^2.19.0",
      "mongoose": "^5.13.7",
      "ms": "^2.1.3",
      "node-fetch": "^2.6.1",
      "zapmongo": "^2.1.0"
    },
    "devDependencies": {
      "@types/ms": "^0.7.31",
      "@types/node": "^16.7.2",
      "@types/node-fetch": "^2.5.12",
      "typescript": "^4.3.5"
    }
  }

yarn manifest: 
  No manifest

Lockfile: 
  # THIS IS AN AUTOGENERATED FILE. DO NOT EDIT THIS FILE DIRECTLY.
  # yarn lockfile v1
  
  
  "@babel/runtime@^7.14.6":
    "integrity" "sha512-OvwMLqNXkCXSz1kSm58sEsNuhqOx/fKpnUnKnFB5v8uDda5bLNEHNgKPvhDN6IU0LDcnHQ90LlJ0Q6jnyBSIBA=="
    "resolved" "https://registry.npmjs.org/@babel/runtime/-/runtime-7.15.3.tgz"
    "version" "7.15.3"
    dependencies:
      "regenerator-runtime" "^0.13.4"
  
  "@discordjs/builders@^0.5.0":
    "integrity" "sha512-HP5y4Rqw68o61Qv4qM5tVmDbWi4mdTFftqIOGRo33SNPpLJ1Ga3KEIR2ibKofkmsoQhEpLmopD1AZDs3cKpHuw=="
    "resolved" "https://registry.npmjs.org/@discordjs/builders/-/builders-0.5.0.tgz"
    "version" "0.5.0"
    dependencies:
      "@sindresorhus/is" "^4.0.1"
      "discord-api-types" "^0.22.0"
      "ow" "^0.27.0"
      "ts-mixer" "^6.0.0"
      "tslib" "^2.3.0"
  
  "@discordjs/collection@^0.2.1":
    "integrity" "sha512-vhxqzzM8gkomw0TYRF3tgx7SwElzUlXT/Aa41O7mOcyN6wIJfj5JmDWaO5XGKsGSsNx7F3i5oIlrucCCWV1Nog=="
    "resolved" "https://registry.npmjs.org/@discordjs/collection/-/collection-0.2.1.tgz"
    "version" "0.2.1"
  
  "@discordjs/form-data@^3.0.1":
    "integrity" "sha512-ZfFsbgEXW71Rw/6EtBdrP5VxBJy4dthyC0tpQKGKmYFImlmmrykO14Za+BiIVduwjte0jXEBlhSKf0MWbFp9Eg=="
    "resolved" "https://registry.npmjs.org/@discordjs/form-data/-/form-data-3.0.1.tgz"
    "version" "3.0.1"
    dependencies:
      "asynckit" "^0.4.0"
      "combined-stream" "^1.0.8"
      "mime-types" "^2.1.12"
  
  "@javascript-obfuscator/escodegen@2.2.1":
    "integrity" "sha512-QNqNXSTd5cbA2eImhI0aK52DxWMqX8ahWnd0B+icYmK/dS+7dXl+yvomJog3lHpZvshr0ItkHeZxSyYmvWhfrg=="
    "resolved" "https://registry.npmjs.org/@javascript-obfuscator/escodegen/-/escodegen-2.2.1.tgz"
    "version" "2.2.1"
    dependencies:
      "@javascript-obfuscator/estraverse" "^5.3.0"
      "esprima" "^4.0.1"
      "esutils" "^2.0.2"
      "optionator" "^0.8.1"
    optionalDependencies:
      "source-map" "~0.6.1"
  
  "@javascript-obfuscator/estraverse@^5.3.0", "@javascript-obfuscator/estraverse@5.3.0":
    "integrity" "sha512-SxIFtV5/wlXYS7G3zLVj7CddLolX8Bm/hr68fiyNL3MyG2k4FwF9B5Z5GTpVLhw2EELYNwyoYBvFlR4gGnQPdw=="
    "resolved" "https://registry.npmjs.org/@javascript-obfuscator/estraverse/-/estraverse-5.3.0.tgz"
    "version" "5.3.0"
  
  "@nuxtjs/opencollective@0.3.2":
    "integrity" "sha512-um0xL3fO7Mf4fDxcqx9KryrB7zgRM5JSlvGN5AGkP6JLM5XEKyjeAiPbNxdXVXQ16isuAhYpvP88NgL2BGd6aA=="
    "resolved" "https://registry.npmjs.org/@nuxtjs/opencollective/-/opencollective-0.3.2.tgz"
    "version" "0.3.2"
    dependencies:
      "chalk" "^4.1.0"
      "consola" "^2.15.0"
      "node-fetch" "^2.6.1"
  
  "@sapphire/async-queue@^1.1.4":
    "integrity" "sha512-fFrlF/uWpGOX5djw5Mu2Hnnrunao75WGey0sP0J3jnhmrJ5TAPzHYOmytD5iN/+pMxS+f+u/gezqHa9tPhRHEA=="
    "resolved" "https://registry.npmjs.org/@sapphire/async-queue/-/async-queue-1.1.4.tgz"
    "version" "1.1.4"
  
  "@sindresorhus/is@^4.0.1":
    "integrity" "sha512-Qm9hBEBu18wt1PO2flE7LPb30BHMQt1eQgbV76YntdNk73XZGpn3izvGTYxbGgzXKgbCjiia0uxTd3aTNQrY/g=="
    "resolved" "https://registry.npmjs.org/@sindresorhus/is/-/is-4.0.1.tgz"
    "version" "4.0.1"
  
  "@types/bson@*":
    "integrity" "sha512-vVLwMUqhYJSQ/WKcE60eFqcyuWse5fGH+NMAXHuKrUAPoryq3ATxk5o4bgYNtg5aOM4APVg7Hnb3ASqUYG0PKg=="
    "resolved" "https://registry.npmjs.org/@types/bson/-/bson-4.0.5.tgz"
  
  "@types/minimatch@^3.0.3":
    "integrity" "sha512-Klz949h02Gz2uZCMGwDUSDS1YBlTdDDgbWHi+81l29tQALUtvz4rAYi5uoVhE5Lagoq6DeqAUlbrHvW/mXDgdQ=="
    "resolved" "https://registry.npmjs.org/@types/minimatch/-/minimatch-3.0.5.tgz"
    "version" "3.0.5"
  
  "@types/mongodb@^3.5.27":
    "integrity" "sha512-WcdpPJCakFzcWWD9juKoZbRtQxKIMYF/JIAM4JrNHrMcnJL6/a2NWjXxW7fo9hxboxxkg+icff8d7+WIEvKgYQ=="
    "resolved" "https://registry.npmjs.org/@types/mongodb/-/mongodb-3.6.20.tgz"
    "version" "3.6.20"
    dependencies:
      "@types/bson" "*"
      "@types/node" "*"
  
  "@types/ms@^0.7.31":
    "integrity" "sha512-iiUgKzV9AuaEkZqkOLDIvlQiL6ltuZd9tGcW3gwpnX8JbuiuhFlEGmmFXEXkN50Cvq7Os88IY2v0dkDqXYWVgA=="
    "resolved" "https://registry.npmjs.org/@types/ms/-/ms-0.7.31.tgz"
    "version" "0.7.31"
  
  "@types/node-fetch@^2.5.12":
    "integrity" "sha512-MKgC4dlq4kKNa/mYrwpKfzQMB5X3ee5U6fSprkKpToBqBmX4nFZL9cW5jl6sWn+xpRJ7ypWh2yyqqr8UUCstSw=="
    "resolved" "https://registry.npmjs.org/@types/node-fetch/-/node-fetch-2.5.12.tgz"
    "version" "2.5.12"
    dependencies:
      "@types/node" "*"
      "form-data" "^3.0.0"
  
  "@types/node@*", "@types/node@^16.7.2":
    "integrity" "sha512-TbG4TOx9hng8FKxaVrCisdaxKxqEwJ3zwHoCWXZ0Jw6mnvTInpaB99/2Cy4+XxpXtjNv9/TgfGSvZFyfV/t8Fw=="
    "resolved" "https://registry.npmjs.org/@types/node/-/node-16.7.2.tgz"
    "version" "16.7.2"
  
  "@types/validator@^13.1.3":
    "integrity" "sha512-fWG42pMJOL4jKsDDZZREnXLjc3UE0R8LOJfARWYg6U966rxDT7TYejYzLnUF5cvSObGg34nd0+H2wHHU5Omdfw=="
    "resolved" "https://registry.npmjs.org/@types/validator/-/validator-13.6.3.tgz"
    "version" "13.6.3"
  
  "@types/ws@^7.4.7":
    "integrity" "sha512-JQbbmxZTZehdc2iszGKs5oC3NFnjeay7mtAWrdt7qNtAVK0g19muApzAy4bm9byz79xa2ZnO/BOBC2R8RC5Lww=="
    "resolved" "https://registry.npmjs.org/@types/ws/-/ws-7.4.7.tgz"
    "version" "7.4.7"
    dependencies:
      "@types/node" "*"
  
  "acorn@8.4.1":
    "integrity" "sha512-asabaBSkEKosYKMITunzX177CXxQ4Q8BSSzMTKD+FefUhipQC70gfW5SiUDhYQ3vk8G+81HqQk7Fv9OXwwn9KA=="
    "resolved" "https://registry.npmjs.org/acorn/-/acorn-8.4.1.tgz"
    "version" "8.4.1"
  
  "ansi-styles@^4.1.0":
    "integrity" "sha512-zbB9rCJAT1rbjiVDb2hqKFHNYLxgtk8NURxZ3IZwD3F6NtxbXZQCnnSi1Lkx+IDohdPlFp222wVALIheZJQSEg=="
    "resolved" "https://registry.npmjs.org/ansi-styles/-/ansi-styles-4.3.0.tgz"
    "version" "4.3.0"
    dependencies:
      "color-convert" "^2.0.1"
  
  "array-differ@^3.0.0":
    "integrity" "sha512-THtfYS6KtME/yIAhKjZ2ul7XI96lQGHRputJQHO80LAWQnuGP4iCIN8vdMRboGbIEYBwU33q8Tch1os2+X0kMg=="
    "resolved" "https://registry.npmjs.org/array-differ/-/array-differ-3.0.0.tgz"
    "version" "3.0.0"
  
  "array-union@^2.1.0":
    "integrity" "sha512-HGyxoOTYUyCM6stUe6EJgnd4EoewAI7zMdfqO+kGjnlZmBDz/cR5pf8r/cR4Wq60sL/p0IkcjUEEPwS3GFrIyw=="
    "resolved" "https://registry.npmjs.org/array-union/-/array-union-2.1.0.tgz"
    "version" "2.1.0"
  
  "arrify@^2.0.1":
    "integrity" "sha512-3duEwti880xqi4eAMN8AyR4a0ByT90zoYdLlevfrvU43vb0YZwZVfxOgxWrLXXXpyugL0hNZc9G6BiB5B3nUug=="
    "resolved" "https://registry.npmjs.org/arrify/-/arrify-2.0.1.tgz"
    "version" "2.0.1"
  
  "assert@2.0.0":
    "integrity" "sha512-se5Cd+js9dXJnu6Ag2JFc00t+HmHOen+8Q+L7O9zI0PqQXr20uk2J0XQqMxZEeo5U50o8Nvmmx7dZrl+Ufr35A=="
    "resolved" "https://registry.npmjs.org/assert/-/assert-2.0.0.tgz"
    "version" "2.0.0"
    dependencies:
      "es6-object-assign" "^1.1.0"
      "is-nan" "^1.2.1"
      "object-is" "^1.0.1"
      "util" "^0.12.0"
  
  "asynckit@^0.4.0":
    "integrity" "sha1-x57Zf380y48robyXkLzDZkdLS3k="
    "resolved" "https://registry.npmjs.org/asynckit/-/asynckit-0.4.0.tgz"
    "version" "0.4.0"
  
  "available-typed-arrays@^1.0.4":
    "integrity" "sha512-SA5mXJWrId1TaQjfxUYghbqQ/hYioKmLJvPJyDuYRtXXenFNMjj4hSSt1Cf1xsuXSXrtxrVC5Ot4eU6cOtBDdA=="
    "resolved" "https://registry.npmjs.org/available-typed-arrays/-/available-typed-arrays-1.0.4.tgz"
    "version" "1.0.4"
  
  "balanced-match@^1.0.0":
    "integrity" "sha512-3oSeUO0TMV67hN1AmbXsK4yaqU7tjiHlbxRDZOpH0KW9+CeX4bRAaX0Anxt0tx2MrpRpWwQaPwIlISEJhYU5Pw=="
    "resolved" "https://registry.npmjs.org/balanced-match/-/balanced-match-1.0.2.tgz"
    "version" "1.0.2"
  
  "bl@^2.2.1":
    "integrity" "sha512-6Pesp1w0DEX1N550i/uGV/TqucVL4AM/pgThFSN/Qq9si1/DF9aIHs1BxD8V/QU0HoeHO6cQRTAuYnLPKq1e4g=="
    "resolved" "https://registry.npmjs.org/bl/-/bl-2.2.1.tgz"
    "version" "2.2.1"
    dependencies:
      "readable-stream" "^2.3.5"
      "safe-buffer" "^5.1.1"
  
  "bluebird@3.5.1":
    "integrity" "sha512-MKiLiV+I1AA596t9w1sQJ8jkiSr5+ZKi0WKrYGUn6d1Fx+Ij4tIj+m2WMQSGczs5jZVxV339chE8iwk6F64wjA=="
    "resolved" "https://registry.npmjs.org/bluebird/-/bluebird-3.5.1.tgz"
    "version" "3.5.1"
  
  "brace-expansion@^1.1.7":
    "integrity" "sha512-iCuPHDFgrHX7H2vEI/5xpz07zSHB00TpugqhmYtVmMO6518mCuRMoOYFldEBl0g187ufozdaHgWKcYFb61qGiA=="
    "resolved" "https://registry.npmjs.org/brace-expansion/-/brace-expansion-1.1.11.tgz"
    "version" "1.1.11"
    dependencies:
      "balanced-match" "^1.0.0"
      "concat-map" "0.0.1"
  
  "bson@^1.1.4":
    "integrity" "sha512-EvVNVeGo4tHxwi8L6bPj3y3itEvStdwvvlojVxxbyYfoaxJ6keLgrTuKdyfEAszFK+H3olzBuafE0yoh0D1gdg=="
    "resolved" "https://registry.npmjs.org/bson/-/bson-1.1.6.tgz"
    "version" "1.1.6"
  
  "buffer-from@^1.0.0":
    "integrity" "sha512-E+XQCRwSbaaiChtv6k6Dwgc+bx+Bs6vuKJHHl5kox/BaKbhiXzqQOwK4cO22yElGp2OCmjwVhT3HmxgyPGnJfQ=="
    "resolved" "https://registry.npmjs.org/buffer-from/-/buffer-from-1.1.2.tgz"
    "version" "1.1.2"
  
  "call-bind@^1.0.0", "call-bind@^1.0.2":
    "integrity" "sha512-7O+FbCihrB5WGbFYesctwmTKae6rOiIzmz1icreWJ+0aA7LJfuqhEso2T9ncpcFtzMQtzXf2QGGueWJGTYsqrA=="
    "resolved" "https://registry.npmjs.org/call-bind/-/call-bind-1.0.2.tgz"
    "version" "1.0.2"
    dependencies:
      "function-bind" "^1.1.1"
      "get-intrinsic" "^1.0.2"
  
  "callsites@^3.1.0":
    "integrity" "sha512-P8BjAsXvZS+VIDUI11hHCQEv74YT67YUi5JJFNWIqL235sBmjX4+qx9Muvls5ivyNENctx46xQLQ3aTuE7ssaQ=="
    "resolved" "https://registry.npmjs.org/callsites/-/callsites-3.1.0.tgz"
    "version" "3.1.0"
  
  "chalk@^4.1.0", "chalk@4.1.1":
    "integrity" "sha512-diHzdDKxcU+bAsUboHLPEDQiw0qEe0qd7SYUn3HgcFlWgbDcfLGswOHYeGrHKzG9z6UYf01d9VFMfZxPM1xZSg=="
    "resolved" "https://registry.npmjs.org/chalk/-/chalk-4.1.1.tgz"
    "version" "4.1.1"
    dependencies:
      "ansi-styles" "^4.1.0"
      "supports-color" "^7.1.0"
  
  "chance@1.1.7":
    "integrity" "sha512-bua/2cZEfzS6qPm0vi3JEvGNbriDLcMj9lKxCQOjUcCJRcyjA7umP0zZm6bKWWlBN04vA0L99QGH/CZQawr0eg=="
    "resolved" "https://registry.npmjs.org/chance/-/chance-1.1.7.tgz"
    "version" "1.1.7"
  
  "char-regex@^1.0.2":
    "integrity" "sha512-kWWXztvZ5SBQV+eRgKFeh8q5sLuZY2+8WUIzlxWVTg+oGwY14qylx1KbKzHd8P6ZYkAg0xyIDU9JMHhyJMZ1jw=="
    "resolved" "https://registry.npmjs.org/char-regex/-/char-regex-1.0.2.tgz"
    "version" "1.0.2"
  
  "charenc@0.0.2":
    "integrity" "sha1-wKHS86cJLgN3S/qD8UwPxXkKhmc="
    "resolved" "https://registry.npmjs.org/charenc/-/charenc-0.0.2.tgz"
    "version" "0.0.2"
  
  "class-validator@0.13.1":
    "integrity" "sha512-zWIeYFhUitvAHBwNhDdCRK09hWx+P0HUwFE8US8/CxFpMVzkUK8RJl7yOIE+BVu2lxyPNgeOaFv78tLE47jBIg=="
    "resolved" "https://registry.npmjs.org/class-validator/-/class-validator-0.13.1.tgz"
    "version" "0.13.1"
    dependencies:
      "@types/validator" "^13.1.3"
      "libphonenumber-js" "^1.9.7"
      "validator" "^13.5.2"
  
  "color-convert@^2.0.1":
    "integrity" "sha512-RRECPsj7iu/xb5oKYcsFHSppFNnsj/52OVTRKb4zP5onXwVF3zVmmToNcOfGC+CRDpfK/U584fMg38ZHCaElKQ=="
    "resolved" "https://registry.npmjs.org/color-convert/-/color-convert-2.0.1.tgz"
    "version" "2.0.1"
    dependencies:
      "color-name" "~1.1.4"
  
  "color-name@~1.1.4":
    "integrity" "sha512-dOy+3AuW3a2wNbZHIuMZpTcgjGuLU/uBL/ubcZF9OXbDo8ff4O8yVp5Bf0efS8uEoYo5q4Fx7dY9OgQGXgAsQA=="
    "resolved" "https://registry.npmjs.org/color-name/-/color-name-1.1.4.tgz"
    "version" "1.1.4"
  
  "combined-stream@^1.0.8":
    "integrity" "sha512-FQN4MRfuJeHf7cBbBMJFXhKSDq+2kAArBlmRBvcvFE5BB1HZKXtSFASDhdlz9zOYwxh8lDdnvmMOe/+5cdoEdg=="
    "resolved" "https://registry.npmjs.org/combined-stream/-/combined-stream-1.0.8.tgz"
    "version" "1.0.8"
    dependencies:
      "delayed-stream" "~1.0.0"
  
  "commander@8.0.0":
    "integrity" "sha512-Xvf85aAtu6v22+E5hfVoLHqyul/jyxh91zvqk/ioJTQuJR7Z78n7H558vMPKanPSRgIEeZemT92I2g9Y8LPbSQ=="
    "resolved" "https://registry.npmjs.org/commander/-/commander-8.0.0.tgz"
    "version" "8.0.0"
  
  "complex.js@^2.0.15":
    "integrity" "sha512-gDBvQU8IG139ZBQTSo2qvDFP+lANMGluM779csXOr6ny1NUtA3wkUnCFjlDNH/moAVfXtvClYt6G0zarFbtz5w=="
    "resolved" "https://registry.npmjs.org/complex.js/-/complex.js-2.0.15.tgz"
    "version" "2.0.15"
  
  "concat-map@0.0.1":
    "integrity" "sha1-2Klr13/Wjfd5OnMDajug1UBdR3s="
    "resolved" "https://registry.npmjs.org/concat-map/-/concat-map-0.0.1.tgz"
    "version" "0.0.1"
  
  "consola@^2.15.0", "consola@^2.15.3":
    "integrity" "sha512-9vAdYbHj6x2fLKC4+oPH0kFzY/orMZyG2Aj+kNylHxKGJ/Ed4dpNyAQYwJOdqO4zdM7XpVHmyejQDcQHrnuXbw=="
    "resolved" "https://registry.npmjs.org/consola/-/consola-2.15.3.tgz"
    "version" "2.15.3"
  
  "core-util-is@~1.0.0":
    "integrity" "sha1-tf1UIgqivFq1eqtxQMlAdUUDwac="
    "resolved" "https://registry.npmjs.org/core-util-is/-/core-util-is-1.0.2.tgz"
    "version" "1.0.2"
  
  "crypt@0.0.2":
    "integrity" "sha1-iNf/fsDfuG9xPch7u0LQRNPmxBs="
    "resolved" "https://registry.npmjs.org/crypt/-/crypt-0.0.2.tgz"
    "version" "0.0.2"
  
  "debug@3.1.0":
    "integrity" "sha512-OX8XqP7/1a9cqkxYw2yXss15f26NKWBpDXQd0/uK/KPqdQhxbPa994hnzjcE2VqQpDslf55723cKPUOGSmMY3g=="
    "resolved" "https://registry.npmjs.org/debug/-/debug-3.1.0.tgz"
    "version" "3.1.0"
    dependencies:
      "ms" "2.0.0"
  
  "decimal.js@^10.3.1":
    "integrity" "sha512-V0pfhfr8suzyPGOx3nmq4aHqabehUZn6Ch9kyFpV79TGDTWFmHqUqXdabR7QHqxzrYolF4+tVmJhUG4OURg5dQ=="
    "resolved" "https://registry.npmjs.org/decimal.js/-/decimal.js-10.3.1.tgz"
    "version" "10.3.1"
  
  "deep-is@~0.1.3":
    "integrity" "sha1-s2nW+128E+7PUk+RsHD+7cNXzzQ="
    "resolved" "https://registry.npmjs.org/deep-is/-/deep-is-0.1.3.tgz"
    "version" "0.1.3"
  
  "define-properties@^1.1.3":
    "integrity" "sha512-3MqfYKj2lLzdMSf8ZIZE/V+Zuy+BgD6f164e8K2w7dgnpKArBDerGYpM46IYYcjnkdPNMjPk9A6VFB8+3SKlXQ=="
    "resolved" "https://registry.npmjs.org/define-properties/-/define-properties-1.1.3.tgz"
    "version" "1.1.3"
    dependencies:
      "object-keys" "^1.0.12"
  
  "delayed-stream@~1.0.0":
    "integrity" "sha1-3zrhmayt+31ECqrgsp4icrJOxhk="
    "resolved" "https://registry.npmjs.org/delayed-stream/-/delayed-stream-1.0.0.tgz"
    "version" "1.0.0"
  
  "denque@^1.4.1":
    "integrity" "sha512-XwE+iZ4D6ZUB7mfYRMb5wByE8L74HCn30FBN7sWnXksWc1LO1bPDl67pBR9o/kC4z/xSNAwkMYcGgqDV3BE3Hw=="
    "resolved" "https://registry.npmjs.org/denque/-/denque-1.5.1.tgz"
    "version" "1.5.1"
  
  "discord-akairo@discord-akairo/discord-akairo":
    "resolved" "git+ssh://git@github.com/discord-akairo/discord-akairo.git#905f69382957023601ebbb6f8a3a8b6b0f615bd1"
    "version" "8.1.0"
  
  "discord-api-types@^0.22.0":
    "integrity" "sha512-l8yD/2zRbZItUQpy7ZxBJwaLX/Bs2TGaCthRppk8Sw24LOIWg12t9JEreezPoYD0SQcC2htNNo27kYEpYW/Srg=="
    "resolved" "https://registry.npmjs.org/discord-api-types/-/discord-api-types-0.22.0.tgz"
    "version" "0.22.0"
  
  "discord.js@^13.1.0":
    "integrity" "sha512-gxO4CXKdHpqA+WKG+f5RNnd3srTDj5uFJHgOathksDE90YNq/Qijkd2WlMgTTMS6AJoEnHxI7G9eDQHCuZ+xDA=="
    "resolved" "https://registry.npmjs.org/discord.js/-/discord.js-13.1.0.tgz"
    "version" "13.1.0"
    dependencies:
      "@discordjs/builders" "^0.5.0"
      "@discordjs/collection" "^0.2.1"
      "@discordjs/form-data" "^3.0.1"
      "@sapphire/async-queue" "^1.1.4"
      "@types/ws" "^7.4.7"
      "discord-api-types" "^0.22.0"
      "node-fetch" "^2.6.1"
      "ws" "^7.5.1"
  
  "dot-prop@^6.0.1":
    "integrity" "sha512-tE7ztYzXHIeyvc7N+hR3oi7FIbf/NIjVP9hmAt3yMXzrQ072/fpjGLx2GxNxGxUl5V73MEqYzioOMoVhGMJ5cA=="
    "resolved" "https://registry.npmjs.org/dot-prop/-/dot-prop-6.0.1.tgz"
    "version" "6.0.1"
    dependencies:
      "is-obj" "^2.0.0"
  
  "es-abstract@^1.18.5":
    "integrity" "sha512-DDggyJLoS91CkJjgauM5c0yZMjiD1uK3KcaCeAmffGwZ+ODWzOkPN4QwRbsK5DOFf06fywmyLci3ZD8jLGhVYA=="
    "resolved" "https://registry.npmjs.org/es-abstract/-/es-abstract-1.18.5.tgz"
    "version" "1.18.5"
    dependencies:
      "call-bind" "^1.0.2"
      "es-to-primitive" "^1.2.1"
      "function-bind" "^1.1.1"
      "get-intrinsic" "^1.1.1"
      "has" "^1.0.3"
      "has-symbols" "^1.0.2"
      "internal-slot" "^1.0.3"
      "is-callable" "^1.2.3"
      "is-negative-zero" "^2.0.1"
      "is-regex" "^1.1.3"
      "is-string" "^1.0.6"
      "object-inspect" "^1.11.0"
      "object-keys" "^1.1.1"
      "object.assign" "^4.1.2"
      "string.prototype.trimend" "^1.0.4"
      "string.prototype.trimstart" "^1.0.4"
      "unbox-primitive" "^1.0.1"
  
  "es-to-primitive@^1.2.1":
    "integrity" "sha512-QCOllgZJtaUo9miYBcLChTUaHNjJF3PYs1VidD7AwiEj1kYxKeQTctLAezAOH5ZKRH0g2IgPn6KwB4IT8iRpvA=="
    "resolved" "https://registry.npmjs.org/es-to-primitive/-/es-to-primitive-1.2.1.tgz"
    "version" "1.2.1"
    dependencies:
      "is-callable" "^1.1.4"
      "is-date-object" "^1.0.1"
      "is-symbol" "^1.0.2"
  
  "es6-object-assign@^1.1.0":
    "integrity" "sha1-wsNYJlYkfDnqEHyx5mUrb58kUjw="
    "resolved" "https://registry.npmjs.org/es6-object-assign/-/es6-object-assign-1.1.0.tgz"
    "version" "1.1.0"
  
  "escape-latex@^1.2.0":
    "integrity" "sha512-nV5aVWW1K0wEiUIEdZ4erkGGH8mDxGyxSeqPzRNtWP7ataw+/olFObw7hujFWlVjNsaDFw5VZ5NzVSIqRgfTiw=="
    "resolved" "https://registry.npmjs.org/escape-latex/-/escape-latex-1.2.0.tgz"
    "version" "1.2.0"
  
  "eslint-scope@6.0.0":
    "integrity" "sha512-uRDL9MWmQCkaFus8RF5K9/L/2fn+80yoW3jkD53l4shjCh26fCtvJGasxjUqP5OT87SYTxCVA3BwTUzuELx9kA=="
    "resolved" "https://registry.npmjs.org/eslint-scope/-/eslint-scope-6.0.0.tgz"
    "version" "6.0.0"
    dependencies:
      "esrecurse" "^4.3.0"
      "estraverse" "^5.2.0"
  
  "esprima@^4.0.1":
    "integrity" "sha512-eGuFFw7Upda+g4p+QHvnW0RyTX/SVeJBDM/gCtMARO0cLuT2HcEKnTPvhjV6aGeqrCB/sbNop0Kszm0jsaWU4A=="
    "resolved" "https://registry.npmjs.org/esprima/-/esprima-4.0.1.tgz"
    "version" "4.0.1"
  
  "esrecurse@^4.3.0":
    "integrity" "sha512-KmfKL3b6G+RXvP8N1vr3Tq1kL/oCFgn2NYXEtqP8/L3pKapUA4G8cFVaoF3SU323CD4XypR/ffioHmkti6/Tag=="
    "resolved" "https://registry.npmjs.org/esrecurse/-/esrecurse-4.3.0.tgz"
    "version" "4.3.0"
    dependencies:
      "estraverse" "^5.2.0"
  
  "estraverse@^5.2.0":
    "integrity" "sha512-BxbNGGNm0RyRYvUdHpIwv9IWzeM9XClbOxwoATuFdOE7ZE6wHL+HQ5T8hoPM+zHvmKzzsEqhgy0GrQ5X13afiQ=="
    "resolved" "https://registry.npmjs.org/estraverse/-/estraverse-5.2.0.tgz"
    "version" "5.2.0"
  
  "esutils@^2.0.2":
    "integrity" "sha512-kVscqXk4OCp68SZ0dkgEKVi6/8ij300KBWTJq32P/dYeWTSwK41WyTxalN1eRmA5Z9UU/LX9D7FWSmV9SAYx6g=="
    "resolved" "https://registry.npmjs.org/esutils/-/esutils-2.0.3.tgz"
    "version" "2.0.3"
  
  "fast-deep-equal@3.1.3":
    "integrity" "sha512-f3qQ9oQy9j2AhBe/H9VC91wLmKBCCU/gDOnKNAYG5hswO7BLKj09Hc5HYNz9cGI++xlpDCIgDaitVs03ATR84Q=="
    "resolved" "https://registry.npmjs.org/fast-deep-equal/-/fast-deep-equal-3.1.3.tgz"
    "version" "3.1.3"
  
  "fast-levenshtein@~2.0.6":
    "integrity" "sha1-PYpcZog6FqMMqGQ+hR8Zuqd5eRc="
    "resolved" "https://registry.npmjs.org/fast-levenshtein/-/fast-levenshtein-2.0.6.tgz"
    "version" "2.0.6"
  
  "foreach@^2.0.5":
    "integrity" "sha1-C+4AUBiusmDQo6865ljdATbsG5k="
    "resolved" "https://registry.npmjs.org/foreach/-/foreach-2.0.5.tgz"
    "version" "2.0.5"
  
  "form-data@^3.0.0":
    "integrity" "sha512-RHkBKtLWUVwd7SqRIvCZMEvAMoGUp0XU+seQiZejj0COz3RI3hWP4sCv3gZWWLjJTd7rGwcsF5eKZGii0r/hbg=="
    "resolved" "https://registry.npmjs.org/form-data/-/form-data-3.0.1.tgz"
    "version" "3.0.1"
    dependencies:
      "asynckit" "^0.4.0"
      "combined-stream" "^1.0.8"
      "mime-types" "^2.1.12"
  
  "fraction.js@^4.1.1":
    "integrity" "sha512-MHOhvvxHTfRFpF1geTK9czMIZ6xclsEor2wkIGYYq+PxcQqT7vStJqjhe6S1TenZrMZzo+wlqOufBDVepUEgPg=="
    "resolved" "https://registry.npmjs.org/fraction.js/-/fraction.js-4.1.1.tgz"
    "version" "4.1.1"
  
  "function-bind@^1.1.1":
    "integrity" "sha512-yIovAzMX49sF8Yl58fSCWJ5svSLuaibPxXQJFLmBObTuCr0Mf1KiPopGM9NiFjiYBCbfaa2Fh6breQ6ANVTI0A=="
    "resolved" "https://registry.npmjs.org/function-bind/-/function-bind-1.1.1.tgz"
    "version" "1.1.1"
  
  "get-intrinsic@^1.0.2", "get-intrinsic@^1.1.0", "get-intrinsic@^1.1.1":
    "integrity" "sha512-kWZrnVM42QCiEA2Ig1bG8zjoIMOgxWwYCEeNdwY6Tv/cOSeGpcoX4pXHfKUxNKVoArnrEr2e9srnAxxGIraS9Q=="
    "resolved" "https://registry.npmjs.org/get-intrinsic/-/get-intrinsic-1.1.1.tgz"
    "version" "1.1.1"
    dependencies:
      "function-bind" "^1.1.1"
      "has" "^1.0.3"
      "has-symbols" "^1.0.1"
  
  "has-bigints@^1.0.1":
    "integrity" "sha512-LSBS2LjbNBTf6287JEbEzvJgftkF5qFkmCo9hDRpAzKhUOlJ+hx8dd4USs00SgsUNwc4617J9ki5YtEClM2ffA=="
    "resolved" "https://registry.npmjs.org/has-bigints/-/has-bigints-1.0.1.tgz"
    "version" "1.0.1"
  
  "has-flag@^4.0.0":
    "integrity" "sha512-EykJT/Q1KjTWctppgIAgfSO0tKVuZUjhgMr17kqTumMl6Afv3EISleU7qZUzoXDFTAHTDC4NOoG/ZxU3EvlMPQ=="
    "resolved" "https://registry.npmjs.org/has-flag/-/has-flag-4.0.0.tgz"
    "version" "4.0.0"
  
  "has-symbols@^1.0.1", "has-symbols@^1.0.2":
    "integrity" "sha512-chXa79rL/UC2KlX17jo3vRGz0azaWEx5tGqZg5pO3NUyEJVB17dMruQlzCCOfUvElghKcm5194+BCRvi2Rv/Gw=="
    "resolved" "https://registry.npmjs.org/has-symbols/-/has-symbols-1.0.2.tgz"
    "version" "1.0.2"
  
  "has-tostringtag@^1.0.0":
    "integrity" "sha512-kFjcSNhnlGV1kyoGk7OXKSawH5JOb/LzUc5w9B02hOTO0dfFRjbHQKvg1d6cf3HbeUmtU9VbbV3qzZ2Teh97WQ=="
    "resolved" "https://registry.npmjs.org/has-tostringtag/-/has-tostringtag-1.0.0.tgz"
    "version" "1.0.0"
    dependencies:
      "has-symbols" "^1.0.2"
  
  "has@^1.0.3":
    "integrity" "sha512-f2dvO0VU6Oej7RkWJGrehjbzMAjFp5/VKPp5tTpWIV4JHHZK1/BxbFRtf/siA2SWTe09caDmVtYYzWEIbBS4zw=="
    "resolved" "https://registry.npmjs.org/has/-/has-1.0.3.tgz"
    "version" "1.0.3"
    dependencies:
      "function-bind" "^1.1.1"
  
  "imageapi.js@^1.7.0":
    "integrity" "sha512-0OCfIWDQxCwqP5XjiumobcNbmv0rwatIOrhkQTikkJ8VjgohvaUh4yBHSKTlGHLyvPuKKNVfz4epR6Mm0xrHWQ=="
    "resolved" "https://registry.npmjs.org/imageapi.js/-/imageapi.js-1.7.0.tgz"
    "version" "1.7.0"
    dependencies:
      "node-fetch" "^2.6.1"
  
  "inherits@^2.0.3":
    "integrity" "sha512-k/vGaX4/Yla3WzyMCvTQOXYeIHvqOKtnqBduzTHpzpQZzAskKMhZ2K+EnBiSM9zGSoIFeMpXKxa4dYeZIQqewQ=="
    "resolved" "https://registry.npmjs.org/inherits/-/inherits-2.0.4.tgz"
    "version" "2.0.4"
  
  "inherits@~2.0.3":
    "integrity" "sha512-k/vGaX4/Yla3WzyMCvTQOXYeIHvqOKtnqBduzTHpzpQZzAskKMhZ2K+EnBiSM9zGSoIFeMpXKxa4dYeZIQqewQ=="
    "resolved" "https://registry.npmjs.org/inherits/-/inherits-2.0.4.tgz"
    "version" "2.0.4"
  
  "internal-slot@^1.0.3":
    "integrity" "sha512-O0DB1JC/sPyZl7cIo78n5dR7eUSwwpYPiXRhTzNxZVAMUuB8vlnRFyLxdrVToks6XPLVnFfbzaVd5WLjhgg+vA=="
    "resolved" "https://registry.npmjs.org/internal-slot/-/internal-slot-1.0.3.tgz"
    "version" "1.0.3"
    dependencies:
      "get-intrinsic" "^1.1.0"
      "has" "^1.0.3"
      "side-channel" "^1.0.4"
  
  "inversify@5.1.1":
    "integrity" "sha512-j8grHGDzv1v+8T1sAQ+3boTCntFPfvxLCkNcxB1J8qA0lUN+fAlSyYd+RXKvaPRL4AGyPxViutBEJHNXOyUdFQ=="
    "resolved" "https://registry.npmjs.org/inversify/-/inversify-5.1.1.tgz"
    "version" "5.1.1"
  
  "is-arguments@^1.0.4":
    "integrity" "sha512-8Q7EARjzEnKpt/PCD7e1cgUS0a6X8u5tdSiMqXhojOdoV9TsMsiO+9VLC5vAmO8N7/GmXn7yjR8qnA6bVAEzfA=="
    "resolved" "https://registry.npmjs.org/is-arguments/-/is-arguments-1.1.1.tgz"
    "version" "1.1.1"
    dependencies:
      "call-bind" "^1.0.2"
      "has-tostringtag" "^1.0.0"
  
  "is-bigint@^1.0.1":
    "integrity" "sha512-zB9CruMamjym81i2JZ3UMn54PKGsQzsJeo6xvN3HJJ4CAsQNB6iRutp2To77OfCNuoxspsIhzaPoO1zyCEhFOg=="
    "resolved" "https://registry.npmjs.org/is-bigint/-/is-bigint-1.0.4.tgz"
    "version" "1.0.4"
    dependencies:
      "has-bigints" "^1.0.1"
  
  "is-boolean-object@^1.1.0":
    "integrity" "sha512-gDYaKHJmnj4aWxyj6YHyXVpdQawtVLHU5cb+eztPGczf6cjuTdwve5ZIEfgXqH4e57An1D1AKf8CZ3kYrQRqYA=="
    "resolved" "https://registry.npmjs.org/is-boolean-object/-/is-boolean-object-1.1.2.tgz"
    "version" "1.1.2"
    dependencies:
      "call-bind" "^1.0.2"
      "has-tostringtag" "^1.0.0"
  
  "is-buffer@~1.1.6":
    "integrity" "sha512-NcdALwpXkTm5Zvvbk7owOUSvVvBKDgKP5/ewfXEznmQFfs4ZRmanOeKBTjRVjka3QFoN6XJ+9F3USqfHqTaU5w=="
    "resolved" "https://registry.npmjs.org/is-buffer/-/is-buffer-1.1.6.tgz"
    "version" "1.1.6"
  
  "is-callable@^1.1.4", "is-callable@^1.2.3":
    "integrity" "sha512-nsuwtxZfMX67Oryl9LCQ+upnC0Z0BgpwntpS89m1H/TLF0zNfzfLMV/9Wa/6MZsj0acpEjAO0KF1xT6ZdLl95w=="
    "resolved" "https://registry.npmjs.org/is-callable/-/is-callable-1.2.4.tgz"
    "version" "1.2.4"
  
  "is-date-object@^1.0.1":
    "integrity" "sha512-9YQaSxsAiSwcvS33MBk3wTCVnWK+HhF8VZR2jRxehM16QcVOdHqPn4VPHmRK4lSr38n9JriurInLcP90xsYNfQ=="
    "resolved" "https://registry.npmjs.org/is-date-object/-/is-date-object-1.0.5.tgz"
    "version" "1.0.5"
    dependencies:
      "has-tostringtag" "^1.0.0"
  
  "is-generator-function@^1.0.7":
    "integrity" "sha512-jsEjy9l3yiXEQ+PsXdmBwEPcOxaXWLspKdplFUVI9vq1iZgIekeC0L167qeu86czQaxed3q/Uzuw0swL0irL8A=="
    "resolved" "https://registry.npmjs.org/is-generator-function/-/is-generator-function-1.0.10.tgz"
    "version" "1.0.10"
    dependencies:
      "has-tostringtag" "^1.0.0"
  
  "is-nan@^1.2.1":
    "integrity" "sha512-E+zBKpQ2t6MEo1VsonYmluk9NxGrbzpeeLC2xIViuO2EjU2xsXsBPwTr3Ykv9l08UYEVEdWeRZNouaZqF6RN0w=="
    "resolved" "https://registry.npmjs.org/is-nan/-/is-nan-1.3.2.tgz"
    "version" "1.3.2"
    dependencies:
      "call-bind" "^1.0.0"
      "define-properties" "^1.1.3"
  
  "is-negative-zero@^2.0.1":
    "integrity" "sha512-2z6JzQvZRa9A2Y7xC6dQQm4FSTSTNWjKIYYTt4246eMTJmIo0Q+ZyOsU66X8lxK1AbB92dFeglPLrhwpeRKO6w=="
    "resolved" "https://registry.npmjs.org/is-negative-zero/-/is-negative-zero-2.0.1.tgz"
    "version" "2.0.1"
  
  "is-number-object@^1.0.4":
    "integrity" "sha512-bEVOqiRcvo3zO1+G2lVMy+gkkEm9Yh7cDMRusKKu5ZJKPUYSJwICTKZrNKHA2EbSP0Tu0+6B/emsYNHZyn6K8g=="
    "resolved" "https://registry.npmjs.org/is-number-object/-/is-number-object-1.0.6.tgz"
    "version" "1.0.6"
    dependencies:
      "has-tostringtag" "^1.0.0"
  
  "is-obj@^2.0.0":
    "integrity" "sha512-drqDG3cbczxxEJRoOXcOjtdp1J/lyp1mNn0xaznRs8+muBhgQcrnbspox5X5fOw0HnMnbfDzvnEMEtqDEJEo8w=="
    "resolved" "https://registry.npmjs.org/is-obj/-/is-obj-2.0.0.tgz"
    "version" "2.0.0"
  
  "is-regex@^1.1.3":
    "integrity" "sha512-kvRdxDsxZjhzUX07ZnLydzS1TU/TJlTUHHY4YLL87e37oUA49DfkLqgy+VjFocowy29cKvcSiu+kIv728jTTVg=="
    "resolved" "https://registry.npmjs.org/is-regex/-/is-regex-1.1.4.tgz"
    "version" "1.1.4"
    dependencies:
      "call-bind" "^1.0.2"
      "has-tostringtag" "^1.0.0"
  
  "is-string@^1.0.5", "is-string@^1.0.6":
    "integrity" "sha512-tE2UXzivje6ofPW7l23cjDOMa09gb7xlAqG6jG5ej6uPV32TlWP3NKPigtaGeHNu9fohccRYvIiZMfOOnOYUtg=="
    "resolved" "https://registry.npmjs.org/is-string/-/is-string-1.0.7.tgz"
    "version" "1.0.7"
    dependencies:
      "has-tostringtag" "^1.0.0"
  
  "is-symbol@^1.0.2", "is-symbol@^1.0.3":
    "integrity" "sha512-C/CPBqKWnvdcxqIARxyOh4v1UUEOCHpgDa0WYgpKDFMszcrPcffg5uhwSgPCLD2WWxmq6isisz87tzT01tuGhg=="
    "resolved" "https://registry.npmjs.org/is-symbol/-/is-symbol-1.0.4.tgz"
    "version" "1.0.4"
    dependencies:
      "has-symbols" "^1.0.2"
  
  "is-typed-array@^1.1.3", "is-typed-array@^1.1.6":
    "integrity" "sha512-VxlpTBGknhQ3o7YiVjIhdLU6+oD8dPz/79vvvH4F+S/c8608UCVa9fgDpa1kZgFoUST2DCgacc70UszKgzKuvA=="
    "resolved" "https://registry.npmjs.org/is-typed-array/-/is-typed-array-1.1.7.tgz"
    "version" "1.1.7"
    dependencies:
      "available-typed-arrays" "^1.0.4"
      "call-bind" "^1.0.2"
      "es-abstract" "^1.18.5"
      "foreach" "^2.0.5"
      "has-tostringtag" "^1.0.0"
  
  "isarray@~1.0.0":
    "integrity" "sha1-u5NdSFgsuhaMBoNJV6VKPgcSTxE="
    "resolved" "https://registry.npmjs.org/isarray/-/isarray-1.0.0.tgz"
    "version" "1.0.0"
  
  "javascript-natural-sort@^0.7.1":
    "integrity" "sha1-+eIwPUUH9tdDVac2ZNFED7Wg71k="
    "resolved" "https://registry.npmjs.org/javascript-natural-sort/-/javascript-natural-sort-0.7.1.tgz"
    "version" "0.7.1"
  
  "javascript-obfuscator@^2.19.0":
    "integrity" "sha512-etftA7CSwCcNTOcdnlGhR7DqVUak2S3DcWbqBi1fFPcgVY5AIBnVco12mKP707uLmUeLrpZYK8z1Z9wd5T71/w=="
    "resolved" "https://registry.npmjs.org/javascript-obfuscator/-/javascript-obfuscator-2.19.0.tgz"
    "version" "2.19.0"
    dependencies:
      "@javascript-obfuscator/escodegen" "2.2.1"
      "@javascript-obfuscator/estraverse" "5.3.0"
      "@nuxtjs/opencollective" "0.3.2"
      "acorn" "8.4.1"
      "assert" "2.0.0"
      "chalk" "4.1.1"
      "chance" "1.1.7"
      "class-validator" "0.13.1"
      "commander" "8.0.0"
      "eslint-scope" "6.0.0"
      "fast-deep-equal" "3.1.3"
      "inversify" "5.1.1"
      "js-string-escape" "1.0.1"
      "md5" "2.3.0"
      "mkdirp" "1.0.4"
      "multimatch" "5.0.0"
      "process" "0.11.10"
      "reflect-metadata" "0.1.13"
      "source-map-support" "0.5.19"
      "string-template" "1.0.0"
      "stringz" "2.1.0"
      "tslib" "2.3.0"
  
  "js-string-escape@1.0.1":
    "integrity" "sha1-4mJbrbwNZ8dTPp7cEGjFh65BN+8="
    "resolved" "https://registry.npmjs.org/js-string-escape/-/js-string-escape-1.0.1.tgz"
    "version" "1.0.1"
  
  "kareem@2.3.2":
    "integrity" "sha512-STHz9P7X2L4Kwn72fA4rGyqyXdmrMSdxqHx9IXon/FXluXieaFA6KJ2upcHAHxQPQ0LeM/OjLrhFxifHewOALQ=="
    "resolved" "https://registry.npmjs.org/kareem/-/kareem-2.3.2.tgz"
    "version" "2.3.2"
  
  "levn@~0.3.0":
    "integrity" "sha1-OwmSTt+fCDwEkP3UwLxEIeBHZO4="
    "resolved" "https://registry.npmjs.org/levn/-/levn-0.3.0.tgz"
    "version" "0.3.0"
    dependencies:
      "prelude-ls" "~1.1.2"
      "type-check" "~0.3.2"
  
  "libphonenumber-js@^1.9.7":
    "integrity" "sha512-LsSjcmXXGujESsrOsF2rrLdmuABj3OluCzPJKVNslJ2qc7xF5KdKXN8y0OcxHVurqosVf1/r4itrVrKSrlbVHA=="
    "resolved" "https://registry.npmjs.org/libphonenumber-js/-/libphonenumber-js-1.9.25.tgz"
    "version" "1.9.25"
  
  "lodash.isequal@^4.5.0":
    "integrity" "sha1-QVxEePK8wwEgwizhDtMib30+GOA="
    "resolved" "https://registry.npmjs.org/lodash.isequal/-/lodash.isequal-4.5.0.tgz"
    "version" "4.5.0"
  
  "mathjs@^9.4.4":
    "integrity" "sha512-5EEJXnWOzLDgMHSFyw623nH+MTBZxquWwXtrzTsingOouJJ6UZG2VNO1lwH31IMt9aMno1axO6TYleIP4YSDaQ=="
    "resolved" "https://registry.npmjs.org/mathjs/-/mathjs-9.4.4.tgz"
    "version" "9.4.4"
    dependencies:
      "@babel/runtime" "^7.14.6"
      "complex.js" "^2.0.15"
      "decimal.js" "^10.3.1"
      "escape-latex" "^1.2.0"
      "fraction.js" "^4.1.1"
      "javascript-natural-sort" "^0.7.1"
      "seedrandom" "^3.0.5"
      "tiny-emitter" "^2.1.0"
      "typed-function" "^2.0.0"
  
  "md5@2.3.0":
    "integrity" "sha512-T1GITYmFaKuO91vxyoQMFETst+O71VUPEU3ze5GNzDm0OWdP8v1ziTaAEPUr/3kLsY3Sftgz242A1SetQiDL7g=="
    "resolved" "https://registry.npmjs.org/md5/-/md5-2.3.0.tgz"
    "version" "2.3.0"
    dependencies:
      "charenc" "0.0.2"
      "crypt" "0.0.2"
      "is-buffer" "~1.1.6"
  
  "memory-pager@^1.0.2":
    "integrity" "sha512-ZS4Bp4r/Zoeq6+NLJpP+0Zzm0pR8whtGPf1XExKLJBAczGMnSi3It14OiNCStjQjM6NU1okjQGSxgEZN8eBYKg=="
    "resolved" "https://registry.npmjs.org/memory-pager/-/memory-pager-1.5.0.tgz"
    "version" "1.5.0"
  
  "mime-db@1.49.0":
    "integrity" "sha512-CIc8j9URtOVApSFCQIF+VBkX1RwXp/oMMOrqdyXSBXq5RWNEsRfyj1kiRnQgmNXmHxPoFIxOroKA3zcU9P+nAA=="
    "resolved" "https://registry.npmjs.org/mime-db/-/mime-db-1.49.0.tgz"
    "version" "1.49.0"
  
  "mime-types@^2.1.12":
    "integrity" "sha512-hJGaVS4G4c9TSMYh2n6SQAGrC4RnfU+daP8G7cSCmaqNjiOoUY0VHCMS42pxnQmVF1GWwFhbHWn3RIxCqTmZ9A=="
    "resolved" "https://registry.npmjs.org/mime-types/-/mime-types-2.1.32.tgz"
    "version" "2.1.32"
    dependencies:
      "mime-db" "1.49.0"
  
  "minimatch@^3.0.4":
    "integrity" "sha512-yJHVQEhyqPLUTgt9B83PXu6W3rx4MvvHvSUvToogpwoGDOUQ+yDrR0HRot+yOCdCO7u4hX3pWft6kWBBcqh0UA=="
    "resolved" "https://registry.npmjs.org/minimatch/-/minimatch-3.0.4.tgz"
    "version" "3.0.4"
    dependencies:
      "brace-expansion" "^1.1.7"
  
  "mkdirp@1.0.4":
    "integrity" "sha512-vVqVZQyf3WLx2Shd0qJ9xuvqgAyKPLAiqITEtqW0oIUjzo3PePDd6fW9iFz30ef7Ysp/oiWqbhszeGWW2T6Gzw=="
    "resolved" "https://registry.npmjs.org/mkdirp/-/mkdirp-1.0.4.tgz"
    "version" "1.0.4"
  
  "mongodb@3.6.11":
    "integrity" "sha512-4Y4lTFHDHZZdgMaHmojtNAlqkvddX2QQBEN0K//GzxhGwlI9tZ9R0vhbjr1Decw+TF7qK0ZLjQT292XgHRRQgw=="
    "resolved" "https://registry.npmjs.org/mongodb/-/mongodb-3.6.11.tgz"
    "version" "3.6.11"
    dependencies:
      "bl" "^2.2.1"
      "bson" "^1.1.4"
      "denque" "^1.4.1"
      "optional-require" "^1.0.3"
      "safe-buffer" "^5.1.2"
    optionalDependencies:
      "saslprep" "^1.0.0"
  
  "mongoose-legacy-pluralize@1.0.2":
    "integrity" "sha512-Yo/7qQU4/EyIS8YDFSeenIvXxZN+ld7YdV9LqFVQJzTLye8unujAWPZ4NWKfFA+RNjh+wvTWKY9Z3E5XM6ZZiQ=="
    "resolved" "https://registry.npmjs.org/mongoose-legacy-pluralize/-/mongoose-legacy-pluralize-1.0.2.tgz"
    "version" "1.0.2"
  
  "mongoose@*", "mongoose@^5.10.11", "mongoose@^5.13.7":
    "integrity" "sha512-z3d+qei9Dem/LxRcJi0cdGPKzQnYk71oHEsEfYm17JA/vLiAbJiGuBS2hW7vkd9afkPAqu3KsPZh2ax0c5iPQw=="
    "resolved" "https://registry.npmjs.org/mongoose/-/mongoose-5.13.8.tgz"
    "version" "5.13.8"
    dependencies:
      "@types/mongodb" "^3.5.27"
      "bson" "^1.1.4"
      "kareem" "2.3.2"
      "mongodb" "3.6.11"
      "mongoose-legacy-pluralize" "1.0.2"
      "mpath" "0.8.3"
      "mquery" "3.2.5"
      "ms" "2.1.2"
      "optional-require" "1.0.x"
      "regexp-clone" "1.0.0"
      "safe-buffer" "5.2.1"
      "sift" "13.5.2"
      "sliced" "1.0.1"
  
  "mpath@0.8.3":
    "integrity" "sha512-eb9rRvhDltXVNL6Fxd2zM9D4vKBxjVVQNLNijlj7uoXUy19zNDsIif5zR+pWmPCWNKwAtqyo4JveQm4nfD5+eA=="
    "resolved" "https://registry.npmjs.org/mpath/-/mpath-0.8.3.tgz"
    "version" "0.8.3"
  
  "mquery@3.2.5":
    "integrity" "sha512-VjOKHHgU84wij7IUoZzFRU07IAxd5kWJaDmyUzQlbjHjyoeK5TNeeo8ZsFDtTYnSgpW6n/nMNIHvE3u8Lbrf4A=="
    "resolved" "https://registry.npmjs.org/mquery/-/mquery-3.2.5.tgz"
    "version" "3.2.5"
    dependencies:
      "bluebird" "3.5.1"
      "debug" "3.1.0"
      "regexp-clone" "^1.0.0"
      "safe-buffer" "5.1.2"
      "sliced" "1.0.1"
  
  "ms@^2.1.3":
    "integrity" "sha512-6FlzubTLZG3J2a/NVCAleEhjzq5oxgHyaCU9yYXvcLsvoVaHJq/s5xXI6/XXP6tz7R9xAOtHnSO/tXtF3WRTlA=="
    "resolved" "https://registry.npmjs.org/ms/-/ms-2.1.3.tgz"
    "version" "2.1.3"
  
  "ms@2.0.0":
    "integrity" "sha1-VgiurfwAvmwpAd9fmGF4jeDVl8g="
    "resolved" "https://registry.npmjs.org/ms/-/ms-2.0.0.tgz"
    "version" "2.0.0"
  
  "ms@2.1.2":
    "integrity" "sha512-sGkPx+VjMtmA6MX27oA4FBFELFCZZ4S4XqeGOXCv68tT+jb3vk/RyaKWP0PTKyWtmLSM0b+adUTEvbs1PEaH2w=="
    "resolved" "https://registry.npmjs.org/ms/-/ms-2.1.2.tgz"
    "version" "2.1.2"
  
  "multimatch@5.0.0":
    "integrity" "sha512-ypMKuglUrZUD99Tk2bUQ+xNQj43lPEfAeX2o9cTteAmShXy2VHDJpuwu1o0xqoKCt9jLVAvwyFKdLTPXKAfJyA=="
    "resolved" "https://registry.npmjs.org/multimatch/-/multimatch-5.0.0.tgz"
    "version" "5.0.0"
    dependencies:
      "@types/minimatch" "^3.0.3"
      "array-differ" "^3.0.0"
      "array-union" "^2.1.0"
      "arrify" "^2.0.1"
      "minimatch" "^3.0.4"
  
  "node-fetch@^2.6.1":
    "integrity" "sha512-V4aYg89jEoVRxRb2fJdAg8FHvI7cEyYdVAh94HH0UIK8oJxUfkjlDQN9RbMx+bEjP7+ggMiFRprSti032Oipxw=="
    "resolved" "https://registry.npmjs.org/node-fetch/-/node-fetch-2.6.1.tgz"
    "version" "2.6.1"
  
  "object-inspect@^1.11.0", "object-inspect@^1.9.0":
    "integrity" "sha512-jp7ikS6Sd3GxQfZJPyH3cjcbJF6GZPClgdV+EFygjFLQ5FmW/dRUnTd9PQ9k0JhoNDabWFbpF1yCdSWCC6gexg=="
    "resolved" "https://registry.npmjs.org/object-inspect/-/object-inspect-1.11.0.tgz"
    "version" "1.11.0"
  
  "object-is@^1.0.1":
    "integrity" "sha512-3cyDsyHgtmi7I7DfSSI2LDp6SK2lwvtbg0p0R1e0RvTqF5ceGx+K2dfSjm1bKDMVCFEDAQvy+o8c6a7VujOddw=="
    "resolved" "https://registry.npmjs.org/object-is/-/object-is-1.1.5.tgz"
    "version" "1.1.5"
    dependencies:
      "call-bind" "^1.0.2"
      "define-properties" "^1.1.3"
  
  "object-keys@^1.0.12", "object-keys@^1.1.1":
    "integrity" "sha512-NuAESUOUMrlIXOfHKzD6bpPu3tYt3xvjNdRIQ+FeT0lNb4K8WR70CaDxhuNguS2XG+GjkyMwOzsN5ZktImfhLA=="
    "resolved" "https://registry.npmjs.org/object-keys/-/object-keys-1.1.1.tgz"
    "version" "1.1.1"
  
  "object.assign@^4.1.2":
    "integrity" "sha512-ixT2L5THXsApyiUPYKmW+2EHpXXe5Ii3M+f4e+aJFAHao5amFRW6J0OO6c/LU8Be47utCx2GL89hxGB6XSmKuQ=="
    "resolved" "https://registry.npmjs.org/object.assign/-/object.assign-4.1.2.tgz"
    "version" "4.1.2"
    dependencies:
      "call-bind" "^1.0.0"
      "define-properties" "^1.1.3"
      "has-symbols" "^1.0.1"
      "object-keys" "^1.1.1"
  
  "optional-require@^1.0.3", "optional-require@1.0.x":
    "integrity" "sha512-RV2Zp2MY2aeYK5G+B/Sps8lW5NHAzE5QClbFP15j+PWmP+T9PxlJXBOOLoSAdgwFvS4t0aMR4vpedMkbHfh0nA=="
    "resolved" "https://registry.npmjs.org/optional-require/-/optional-require-1.0.3.tgz"
    "version" "1.0.3"
  
  "optionator@^0.8.1":
    "integrity" "sha512-+IW9pACdk3XWmmTXG8m3upGUJst5XRGzxMRjXzAuJ1XnIFNvfhjjIuYkDvysnPQ7qzqVzLt78BCruntqRhWQbA=="
    "resolved" "https://registry.npmjs.org/optionator/-/optionator-0.8.3.tgz"
    "version" "0.8.3"
    dependencies:
      "deep-is" "~0.1.3"
      "fast-levenshtein" "~2.0.6"
      "levn" "~0.3.0"
      "prelude-ls" "~1.1.2"
      "type-check" "~0.3.2"
      "word-wrap" "~1.2.3"
  
  "ow@^0.27.0":
    "integrity" "sha512-SGnrGUbhn4VaUGdU0EJLMwZWSupPmF46hnTRII7aCLCrqixTAC5eKo8kI4/XXf1eaaI8YEVT+3FeGNJI9himAQ=="
    "resolved" "https://registry.npmjs.org/ow/-/ow-0.27.0.tgz"
    "version" "0.27.0"
    dependencies:
      "@sindresorhus/is" "^4.0.1"
      "callsites" "^3.1.0"
      "dot-prop" "^6.0.1"
      "lodash.isequal" "^4.5.0"
      "type-fest" "^1.2.1"
      "vali-date" "^1.0.0"
  
  "prelude-ls@~1.1.2":
    "integrity" "sha1-IZMqVJ9eUv/ZqCf1cOBL5iqX2lQ="
    "resolved" "https://registry.npmjs.org/prelude-ls/-/prelude-ls-1.1.2.tgz"
    "version" "1.1.2"
  
  "process-nextick-args@~2.0.0":
    "integrity" "sha512-3ouUOpQhtgrbOa17J7+uxOTpITYWaGP7/AhoR3+A+/1e9skrzelGi/dXzEYyvbxubEF6Wn2ypscTKiKJFFn1ag=="
    "resolved" "https://registry.npmjs.org/process-nextick-args/-/process-nextick-args-2.0.1.tgz"
    "version" "2.0.1"
  
  "process@0.11.10":
    "integrity" "sha1-czIwDoQBYb2j5podHZGn1LwW8YI="
    "resolved" "https://registry.npmjs.org/process/-/process-0.11.10.tgz"
    "version" "0.11.10"
  
  "readable-stream@^2.3.5":
    "integrity" "sha512-Ebho8K4jIbHAxnuxi7o42OrZgF/ZTNcsZj6nRKyUmkhLFq8CHItp/fy6hQZuZmP/n3yZ9VBUbp4zz/mX8hmYPw=="
    "resolved" "https://registry.npmjs.org/readable-stream/-/readable-stream-2.3.7.tgz"
    "version" "2.3.7"
    dependencies:
      "core-util-is" "~1.0.0"
      "inherits" "~2.0.3"
      "isarray" "~1.0.0"
      "process-nextick-args" "~2.0.0"
      "safe-buffer" "~5.1.1"
      "string_decoder" "~1.1.1"
      "util-deprecate" "~1.0.1"
  
  "reflect-metadata@0.1.13":
    "integrity" "sha512-Ts1Y/anZELhSsjMcU605fU9RE4Oi3p5ORujwbIKXfWa+0Zxs510Qrmrce5/Jowq3cHSZSJqBjypxmHarc+vEWg=="
    "resolved" "https://registry.npmjs.org/reflect-metadata/-/reflect-metadata-0.1.13.tgz"
    "version" "0.1.13"
  
  "regenerator-runtime@^0.13.4":
    "integrity" "sha512-p3VT+cOEgxFsRRA9X4lkI1E+k2/CtnKtU4gcxyaCUreilL/vqI6CdZ3wxVUx3UOUg+gnUOQQcRI7BmSI656MYA=="
    "resolved" "https://registry.npmjs.org/regenerator-runtime/-/regenerator-runtime-0.13.9.tgz"
    "version" "0.13.9"
  
  "regexp-clone@^1.0.0", "regexp-clone@1.0.0":
    "integrity" "sha512-TuAasHQNamyyJ2hb97IuBEif4qBHGjPHBS64sZwytpLEqtBQ1gPJTnOaQ6qmpET16cK14kkjbazl6+p0RRv0yw=="
    "resolved" "https://registry.npmjs.org/regexp-clone/-/regexp-clone-1.0.0.tgz"
    "version" "1.0.0"
  
  "safe-buffer@^5.1.1", "safe-buffer@~5.1.0", "safe-buffer@~5.1.1":
    "integrity" "sha512-Gd2UZBJDkXlY7GbJxfsE8/nvKkUEU1G38c1siN6QP6a9PT9MmHB8GnpscSmMJSoF8LOIrt8ud/wPtojys4G6+g=="
    "resolved" "https://registry.npmjs.org/safe-buffer/-/safe-buffer-5.1.2.tgz"
    "version" "5.1.2"
  
  "safe-buffer@^5.1.2", "safe-buffer@5.2.1":
    "integrity" "sha512-rp3So07KcdmmKbGvgaNxQSJr7bGVSVk5S9Eq1F+ppbRo70+YeaDxkw5Dd8NPN+GD6bjnYm2VuPuCXmpuYvmCXQ=="
    "resolved" "https://registry.npmjs.org/safe-buffer/-/safe-buffer-5.2.1.tgz"
    "version" "5.2.1"
  
  "safe-buffer@5.1.2":
    "integrity" "sha512-Gd2UZBJDkXlY7GbJxfsE8/nvKkUEU1G38c1siN6QP6a9PT9MmHB8GnpscSmMJSoF8LOIrt8ud/wPtojys4G6+g=="
    "resolved" "https://registry.npmjs.org/safe-buffer/-/safe-buffer-5.1.2.tgz"
    "version" "5.1.2"
  
  "saslprep@^1.0.0":
    "integrity" "sha512-/MY/PEMbk2SuY5sScONwhUDsV2p77Znkb/q3nSVstq/yQzYJOH/Azh29p9oJLsl3LnQwSvZDKagDGBsBwSooag=="
    "resolved" "https://registry.npmjs.org/saslprep/-/saslprep-1.0.3.tgz"
    "version" "1.0.3"
    dependencies:
      "sparse-bitfield" "^3.0.3"
  
  "seedrandom@^3.0.5":
    "integrity" "sha512-8OwmbklUNzwezjGInmZ+2clQmExQPvomqjL7LFqOYqtmuxRgQYqOD3mHaU+MvZn5FLUeVxVfQjwLZW/n/JFuqg=="
    "resolved" "https://registry.npmjs.org/seedrandom/-/seedrandom-3.0.5.tgz"
    "version" "3.0.5"
  
  "side-channel@^1.0.4":
    "integrity" "sha512-q5XPytqFEIKHkGdiMIrY10mvLRvnQh42/+GoBlFW3b2LXLE2xxJpZFdm94we0BaoV3RwJyGqg5wS7epxTv0Zvw=="
    "resolved" "https://registry.npmjs.org/side-channel/-/side-channel-1.0.4.tgz"
    "version" "1.0.4"
    dependencies:
      "call-bind" "^1.0.0"
      "get-intrinsic" "^1.0.2"
      "object-inspect" "^1.9.0"
  
  "sift@13.5.2":
    "integrity" "sha512-+gxdEOMA2J+AI+fVsCqeNn7Tgx3M9ZN9jdi95939l1IJ8cZsqS8sqpJyOkic2SJk+1+98Uwryt/gL6XDaV+UZA=="
    "resolved" "https://registry.npmjs.org/sift/-/sift-13.5.2.tgz"
    "version" "13.5.2"
  
  "sliced@1.0.1":
    "integrity" "sha1-CzpmK10Ewxd7GSa+qCsD+Dei70E="
    "resolved" "https://registry.npmjs.org/sliced/-/sliced-1.0.1.tgz"
    "version" "1.0.1"
  
  "source-map-support@0.5.19":
    "integrity" "sha512-Wonm7zOCIJzBGQdB+thsPar0kYuCIzYvxZwlBa87yi/Mdjv7Tip2cyVbLj5o0cFPN4EVkuTwb3GDDyUx2DGnGw=="
    "resolved" "https://registry.npmjs.org/source-map-support/-/source-map-support-0.5.19.tgz"
    "version" "0.5.19"
    dependencies:
      "buffer-from" "^1.0.0"
      "source-map" "^0.6.0"
  
  "source-map@^0.6.0":
    "integrity" "sha512-UjgapumWlbMhkBgzT7Ykc5YXUT46F0iKu8SGXq0bcwP5dz/h0Plj6enJqjz1Zbq2l5WaqYnrVbwWOWMyF3F47g=="
    "resolved" "https://registry.npmjs.org/source-map/-/source-map-0.6.1.tgz"
    "version" "0.6.1"
  
  "source-map@~0.6.1":
    "integrity" "sha512-UjgapumWlbMhkBgzT7Ykc5YXUT46F0iKu8SGXq0bcwP5dz/h0Plj6enJqjz1Zbq2l5WaqYnrVbwWOWMyF3F47g=="
    "resolved" "https://registry.npmjs.org/source-map/-/source-map-0.6.1.tgz"
    "version" "0.6.1"
  
  "sparse-bitfield@^3.0.3":
    "integrity" "sha1-/0rm5oZWBWuks+eSqzM004JzyhE="
    "resolved" "https://registry.npmjs.org/sparse-bitfield/-/sparse-bitfield-3.0.3.tgz"
    "version" "3.0.3"
    dependencies:
      "memory-pager" "^1.0.2"
  
  "string_decoder@~1.1.1":
    "integrity" "sha512-n/ShnvDi6FHbbVfviro+WojiFzv+s8MPMHBczVePfUpDJLwoLT0ht1l4YwBCbi8pJAveEEdnkHyPyTP/mzRfwg=="
    "resolved" "https://registry.npmjs.org/string_decoder/-/string_decoder-1.1.1.tgz"
    "version" "1.1.1"
    dependencies:
      "safe-buffer" "~5.1.0"
  
  "string-template@1.0.0":
    "integrity" "sha1-np8iM9wA8hhxjsN5oopWc+zKi5Y="
    "resolved" "https://registry.npmjs.org/string-template/-/string-template-1.0.0.tgz"
    "version" "1.0.0"
  
  "string.prototype.trimend@^1.0.4":
    "integrity" "sha512-y9xCjw1P23Awk8EvTpcyL2NIr1j7wJ39f+k6lvRnSMz+mz9CGz9NYPelDk42kOz6+ql8xjfK8oYzy3jAP5QU5A=="
    "resolved" "https://registry.npmjs.org/string.prototype.trimend/-/string.prototype.trimend-1.0.4.tgz"
    "version" "1.0.4"
    dependencies:
      "call-bind" "^1.0.2"
      "define-properties" "^1.1.3"
  
  "string.prototype.trimstart@^1.0.4":
    "integrity" "sha512-jh6e984OBfvxS50tdY2nRZnoC5/mLFKOREQfw8t5yytkoUsJRNxvI/E39qu1sD0OtWI3OC0XgKSmcWwziwYuZw=="
    "resolved" "https://registry.npmjs.org/string.prototype.trimstart/-/string.prototype.trimstart-1.0.4.tgz"
    "version" "1.0.4"
    dependencies:
      "call-bind" "^1.0.2"
      "define-properties" "^1.1.3"
  
  "stringz@2.1.0":
    "integrity" "sha512-KlywLT+MZ+v0IRepfMxRtnSvDCMc3nR1qqCs3m/qIbSOWkNZYT8XHQA31rS3TnKp0c5xjZu3M4GY/2aRKSi/6A=="
    "resolved" "https://registry.npmjs.org/stringz/-/stringz-2.1.0.tgz"
    "version" "2.1.0"
    dependencies:
      "char-regex" "^1.0.2"
  
  "supports-color@^7.1.0":
    "integrity" "sha512-qpCAvRl9stuOHveKsn7HncJRvv501qIacKzQlO/+Lwxc9+0q2wLyv4Dfvt80/DPn2pqOBsJdDiogXGR9+OvwRw=="
    "resolved" "https://registry.npmjs.org/supports-color/-/supports-color-7.2.0.tgz"
    "version" "7.2.0"
    dependencies:
      "has-flag" "^4.0.0"
  
  "tiny-emitter@^2.1.0":
    "integrity" "sha512-NB6Dk1A9xgQPMoGqC5CVXn123gWyte215ONT5Pp5a0yt4nlEoO1ZWeCwpncaekPHXO60i47ihFnZPiRPjRMq4Q=="
    "resolved" "https://registry.npmjs.org/tiny-emitter/-/tiny-emitter-2.1.0.tgz"
    "version" "2.1.0"
  
  "ts-mixer@^6.0.0":
    "integrity" "sha512-nXIb1fvdY5CBSrDIblLn73NW0qRDk5yJ0Sk1qPBF560OdJfQp9jhl+0tzcY09OZ9U+6GpeoI9RjwoIKFIoB9MQ=="
    "resolved" "https://registry.npmjs.org/ts-mixer/-/ts-mixer-6.0.0.tgz"
    "version" "6.0.0"
  
  "tslib@^2.3.0":
    "integrity" "sha512-77EbyPPpMz+FRFRuAFlWMtmgUWGe9UOG2Z25NqCwiIjRhOf5iKGuzSe5P2w1laq+FkRy4p+PCuVkJSGkzTEKVw=="
    "resolved" "https://registry.npmjs.org/tslib/-/tslib-2.3.1.tgz"
    "version" "2.3.1"
  
  "tslib@2.3.0":
    "integrity" "sha512-N82ooyxVNm6h1riLCoyS9e3fuJ3AMG2zIZs2Gd1ATcSFjSA23Q0fzjjZeh0jbJvWVDZ0cJT8yaNNaaXHzueNjg=="
    "resolved" "https://registry.npmjs.org/tslib/-/tslib-2.3.0.tgz"
    "version" "2.3.0"
  
  "type-check@~0.3.2":
    "integrity" "sha1-WITKtRLPHTVeP7eE8wgEsrUg23I="
    "resolved" "https://registry.npmjs.org/type-check/-/type-check-0.3.2.tgz"
    "version" "0.3.2"
    dependencies:
      "prelude-ls" "~1.1.2"
  
  "type-fest@^1.2.1":
    "integrity" "sha512-yGSza74xk0UG8k+pLh5oeoYirvIiWo5t0/o3zHHAO2tRDiZcxWP7fywNlXhqb6/r6sWvwi+RsyQMWhVLe4BVuA=="
    "resolved" "https://registry.npmjs.org/type-fest/-/type-fest-1.4.0.tgz"
    "version" "1.4.0"
  
  "typed-function@^2.0.0":
    "integrity" "sha512-Hhy1Iwo/e4AtLZNK10ewVVcP2UEs408DS35ubP825w/YgSBK1KVLwALvvIG4yX75QJrxjCpcWkzkVRB0BwwYlA=="
    "resolved" "https://registry.npmjs.org/typed-function/-/typed-function-2.0.0.tgz"
    "version" "2.0.0"
  
  "typescript@^4.3.5":
    "integrity" "sha512-DqQgihaQ9cUrskJo9kIyW/+g0Vxsk8cDtZ52a3NGh0YNTfpUSArXSohyUGnvbPazEPLu398C0UxmKSOrPumUzA=="
    "resolved" "https://registry.npmjs.org/typescript/-/typescript-4.3.5.tgz"
    "version" "4.3.5"
  
  "unbox-primitive@^1.0.1":
    "integrity" "sha512-tZU/3NqK3dA5gpE1KtyiJUrEB0lxnGkMFHptJ7q6ewdZ8s12QrODwNbhIJStmJkd1QDXa1NRA8aF2A1zk/Ypyw=="
    "resolved" "https://registry.npmjs.org/unbox-primitive/-/unbox-primitive-1.0.1.tgz"
    "version" "1.0.1"
    dependencies:
      "function-bind" "^1.1.1"
      "has-bigints" "^1.0.1"
      "has-symbols" "^1.0.2"
      "which-boxed-primitive" "^1.0.2"
  
  "util-deprecate@~1.0.1":
    "integrity" "sha1-RQ1Nyfpw3nMnYvvS1KKJgUGaDM8="
    "resolved" "https://registry.npmjs.org/util-deprecate/-/util-deprecate-1.0.2.tgz"
    "version" "1.0.2"
  
  "util@^0.12.0":
    "integrity" "sha512-bxZ9qtSlGUWSOy9Qa9Xgk11kSslpuZwaxCg4sNIDj6FLucDab2JxnHwyNTCpHMtK1MjoQiWQ6DiUMZYbSrO+Sw=="
    "resolved" "https://registry.npmjs.org/util/-/util-0.12.4.tgz"
    "version" "0.12.4"
    dependencies:
      "inherits" "^2.0.3"
      "is-arguments" "^1.0.4"
      "is-generator-function" "^1.0.7"
      "is-typed-array" "^1.1.3"
      "safe-buffer" "^5.1.2"
      "which-typed-array" "^1.1.2"
  
  "vali-date@^1.0.0":
    "integrity" "sha1-G5BKWWCfsyjvB4E4Qgk09rhnCaY="
    "resolved" "https://registry.npmjs.org/vali-date/-/vali-date-1.0.0.tgz"
    "version" "1.0.0"
  
  "validator@^13.5.2":
    "integrity" "sha512-gVgKbdbHgtxpRyR8K0O6oFZPhhB5tT1jeEHZR0Znr9Svg03U0+r9DXWMrnRAB+HtCStDQKlaIZm42tVsVjqtjg=="
    "resolved" "https://registry.npmjs.org/validator/-/validator-13.6.0.tgz"
    "version" "13.6.0"
  
  "which-boxed-primitive@^1.0.2":
    "integrity" "sha512-bwZdv0AKLpplFY2KZRX6TvyuN7ojjr7lwkg6ml0roIy9YeuSr7JS372qlNW18UQYzgYK9ziGcerWqZOmEn9VNg=="
    "resolved" "https://registry.npmjs.org/which-boxed-primitive/-/which-boxed-primitive-1.0.2.tgz"
    "version" "1.0.2"
    dependencies:
      "is-bigint" "^1.0.1"
      "is-boolean-object" "^1.1.0"
      "is-number-object" "^1.0.4"
      "is-string" "^1.0.5"
      "is-symbol" "^1.0.3"
  
  "which-typed-array@^1.1.2":
    "integrity" "sha512-DdY984dGD5sQ7Tf+x1CkXzdg85b9uEel6nr4UkFg1LoE9OXv3uRuZhe5CoWdawhGACeFpEZXH8fFLQnDhbpm/Q=="
    "resolved" "https://registry.npmjs.org/which-typed-array/-/which-typed-array-1.1.6.tgz"
    "version" "1.1.6"
    dependencies:
      "available-typed-arrays" "^1.0.4"
      "call-bind" "^1.0.2"
      "es-abstract" "^1.18.5"
      "foreach" "^2.0.5"
      "has-tostringtag" "^1.0.0"
      "is-typed-array" "^1.1.6"
  
  "word-wrap@~1.2.3":
    "integrity" "sha512-Hz/mrNwitNRh/HUAtM/VT/5VH+ygD6DV7mYKZAtHOrbs8U7lvPS6xf7EJKMF0uW1KJCl0H701g3ZGus+muE5vQ=="
    "resolved" "https://registry.npmjs.org/word-wrap/-/word-wrap-1.2.3.tgz"
    "version" "1.2.3"
  
  "ws@^7.5.1":
    "integrity" "sha512-kQ/dHIzuLrS6Je9+uv81ueZomEwH0qVYstcAQ4/Z93K8zeko9gtAbttJWzoC5ukqXY1PpoouV3+VSOqEAFt5wg=="
    "resolved" "https://registry.npmjs.org/ws/-/ws-7.5.3.tgz"
    "version" "7.5.3"
  
  "zapmongo@^2.1.0":
    "integrity" "sha512-wfkAnKHo1ecx0MGPmul2ExiWs8tQemxVsHnc7NSrXJngKARKjgJJ6wdFlWak9QwiCgS6MkHpbsNgfcbnsmIzXg=="
    "resolved" "https://registry.npmjs.org/zapmongo/-/zapmongo-2.1.0.tgz"
    "version" "2.1.0"
    dependencies:
      "mongoose" "^5.10.11"
